objc[42008]: Class VCWeakObjectHolder is implemented in both /Applications/Xcode.app/Contents/Developer/Platforms/iPhoneOS.platform/Developer/Library/CoreSimulator/Profiles/Runtimes/iOS.simruntime/Contents/Resources/RuntimeRoot/System/Library/PrivateFrameworks/AVConference.framework/Frameworks/ViceroyTrace.framework/ViceroyTrace (0x1378f24d0) and /Applications/Xcode.app/Contents/Developer/Platforms/iPhoneOS.platform/Developer/Library/CoreSimulator/Profiles/Runtimes/iOS.simruntime/Contents/Resources/RuntimeRoot/System/Library/PrivateFrameworks/AVConference.framework/AVConference (0x137772e38). One of the two will be used. Which one is undefined.
2018-05-02 11:17:40.435 KemblaJoggers[42008:2034919] Xamarin.iOS: Socket error while connecting to IDE on 127.0.0.1:42547: Connection refused
2018-05-02 11:17:45.301 KemblaJoggers[42008:2034646] <UIView: 0x7f88fd402810; frame = (0 0; 1024 768); autoresize = W+H; layer = <CALayer: 0x600000632de0>>'s window is not equal to <UINavigationController: 0x7f88ff0e8a00>'s view's window!
2018-05-02 11:17:51.799 KemblaJoggers[42008:2034646] API error: <_UIKBCompatInputView: 0x7f88fd64dbe0; frame = (0 0; 0 0); layer = <CALayer: 0x60400043f6a0>> returned 0 width, assuming UIViewNoIntrinsicMetric
2018-05-02 11:17:51.800 KemblaJoggers[42008:2034646] API error: <_UIKBCompatInputView: 0x7f88fd64dbe0; frame = (0 0; 0 0); layer = <CALayer: 0x60400043f6a0>> returned 0 width, assuming UIViewNoIntrinsicMetric
2018-05-02 11:18:05.765 KemblaJoggers[42008:2034646] [{"id":1812307,"first_name":null,"last_name":"","nick_name":null,"company":"TidyHQ","email_address":"info@tidyhq.com","phone_number":null,"address1":null,"city":null,"state":null,"country":null,"postcode":null,"gender":null,"birthday":null,"facebook":"TidyHQ","twitter":"@tidyhqapp","details":null,"subscribed":true,"metadata":null,"created_at":"2017-09-23T13:46:11+1000","updated_at":"2017-09-23T13:46:11+1000","emergency_contact_person":null,"emergency_contact_number":null,"profile_image":"https://s3.tidyhq.com/orgs/ade8a5b2bf38/contact/photo/930838adb01e4caaf930738defe2aeab8b96f21d/s200/thq-avatar.jpg","status":"active","custom_fields":[]},{"id":1878337,"first_name":"Alvin","last_name":"Chan","nick_name":null,"company":null,"email_address":"some_address@some.com","phone_number":null,"address1":"Home","city":"Wollongong","state":"New South Wales","country":"Australia","postcode":"2500","gender":"male","birthday":null,"facebook":null,"twitter":null,"details":null,"subscribed":true,"metadata":null,"created_at":"2018-03-15T23:57:45+1100","updated_at":"2018-03-15T23:57:45+1100","emergency_contact_person":null,"emergency_contact_number":null,"profile_image":null,"status":"active","custom_fields":[]},{"id":1812306,"first_name":"Isaak","last_name":"Dury","nick_name":null,"company":"TidyHQ","email_address":null,"phone_number":null,"address1":null,"city":"Melbourne","state":null,"country":null,"postcode":"3000","gender":null,"birthday":null,"facebook":"isaak.dury","twitter":"isaakdury","details":null,"subscribed":true,"metadata":null,"created_at":"2017-09-23T13:46:11+1000","updated_at":"2017-09-23T13:46:11+1000","emergency_contact_person":null,"emergency_contact_number":null,"profile_image":"https://s3.tidyhq.com/orgs/ade8a5b2bf38/contact/photo/e1c0a6aeedeb5dc2b1a496621b510ea3c58fea28/s200/isaak-avatar.jpg","status":"active","custom_fields":[]},{"id":1812305,"first_name":"David ","last_name":"Lalrinawma","nick_name":null,"company":null,"email_address":"davidyeshi0@gmail.com","phone_number":"61404213641","address1":null,"city":null,"state":null,"country":null,"postcode":null,"gender":null,"birthday":null,"facebook":null,"twitter":null,"details":null,"subscribed":true,"metadata":null,"created_at":"2017-09-23T13:46:11+1000","updated_at":"2017-10-02T15:47:48+1100","emergency_contact_person":null,"emergency_contact_number":null,"profile_image":null,"status":"active","custom_fields":[]}]
2018-05-02 11:18:05.950 KemblaJoggers[42008:2034646] 
Unhandled Exception:
System.InvalidCastException: Specified cast is not valid.
  at KemblaJoggers.loginController+<Auth_Completed>d__3.MoveNext () [0x00169] in /Users/csit321bs01s/kemblajoggers/KemblaJoggers/KemblaJoggers/View Controllers/loginController.cs:68 
--- End of stack trace from previous location where exception was thrown ---
  at System.Runtime.ExceptionServices.ExceptionDispatchInfo.Throw () [0x0000c] in /Library/Frameworks/Xamarin.iOS.framework/Versions/11.9.1.24/src/Xamarin.iOS/mcs/class/referencesource/mscorlib/system/runtime/exceptionservices/exceptionservicescommon.cs:152 
  at System.Runtime.CompilerServices.AsyncMethodBuilderCore+<>c.<ThrowAsync>b__6_0 (System.Object state) [0x00000] in /Library/Frameworks/Xamarin.iOS.framework/Versions/11.9.1.24/src/Xamarin.iOS/mcs/class/referencesource/mscorlib/system/runtime/compilerservices/AsyncMethodBuilder.cs:1018 
  at UIKit.UIKitSynchronizationContext+<Post>c__AnonStorey0.<>m__0 () [0x00000] in /Library/Frameworks/Xamarin.iOS.framework/Versions/11.9.1.24/src/Xamarin.iOS/UIKit/UIKitSynchronizationContext.cs:24 
  at Foundation.NSAsyncActionDispatcher.Apply () [0x00000] in /Library/Frameworks/Xamarin.iOS.framework/Versions/11.9.1.24/src/Xamarin.iOS/Foundation/NSAction.cs:163 
--- End of stack trace from previous location where exception was thrown ---
  at (wrapper managed-to-native) UIKit.UIApplication.UIApplicationMain(int,string[],intptr,intptr)
  at UIKit.UIApplication.Main (System.String[] args, System.IntPtr principal, System.IntPtr delegate) [0x00005] in /Library/Frameworks/Xamarin.iOS.framework/Versions/11.9.1.24/src/Xamarin.iOS/UIKit/UIApplication.cs:79 
  at UIKit.UIApplication.Main (System.String[] args, System.String principalClassName, System.String delegateClassName) [0x00038] in /Library/Frameworks/Xamarin.iOS.framework/Versions/11.9.1.24/src/Xamarin.iOS/UIKit/UIApplication.cs:63 
  at KemblaJoggers.Application.Main (System.String[] args) [0x00001] in /Users/csit321bs01s/kemblajoggers/KemblaJoggers/KemblaJoggers/Main.cs:12 
2018-05-02 11:18:05.951 KemblaJoggers[42008:2034646] Unhandled managed exception:
Specified cast is not valid. (System.InvalidCastException)
  at KemblaJoggers.loginController+<Auth_Completed>d__3.MoveNext () [0x00169] in /Users/csit321bs01s/kemblajoggers/KemblaJoggers/KemblaJoggers/View Controllers/loginController.cs:68 
--- End of stack trace from previous location where exception was thrown ---
  at System.Runtime.ExceptionServices.ExceptionDispatchInfo.Throw () [0x0000c] in /Library/Frameworks/Xamarin.iOS.framework/Versions/11.9.1.24/src/Xamarin.iOS/mcs/class/referencesource/mscorlib/system/runtime/exceptionservices/exceptionservicescommon.cs:152 
  at System.Runtime.CompilerServices.AsyncMethodBuilderCore+<>c.<ThrowAsync>b__6_0 (System.Object state) [0x00000] in /Library/Frameworks/Xamarin.iOS.framework/Versions/11.9.1.24/src/Xamarin.iOS/mcs/class/referencesource/mscorlib/system/runtime/compilerservices/AsyncMethodBuilder.cs:1018 
  at UIKit.UIKitSynchronizationContext+<Post>c__AnonStorey0.<>m__0 () [0x00000] in /Library/Frameworks/Xamarin.iOS.framework/Versions/11.9.1.24/src/Xamarin.iOS/UIKit/UIKitSynchronizationContext.cs:24 
  at Foundation.NSAsyncActionDispatcher.Apply () [0x00000] in /Library/Frameworks/Xamarin.iOS.framework/Versions/11.9.1.24/src/Xamarin.iOS/Foundation/NSAction.cs:163 
--- End of stack trace from previous location where exception was thrown ---
  at (wrapper managed-to-native) UIKit.UIApplication.UIApplicationMain(int,string[],intptr,intptr)
  at UIKit.UIApplication.Main (System.String[] args, System.IntPtr principal, System.IntPtr delegate) [0x00005] in /Library/Frameworks/Xamarin.iOS.framework/Versions/11.9.1.24/src/Xamarin.iOS/UIKit/UIApplication.cs:79 
  at UIKit.UIApplication.Main (System.String[] args, System.String principalClassName, System.String delegateClassName) [0x00038] in /Library/Frameworks/Xamarin.iOS.framework/Versions/11.9.1.24/src/Xamarin.iOS/UIKit/UIApplication.cs:63 
  at KemblaJoggers.Application.Main (System.String[] args) [0x00001] in /Users/csit321bs01s/kemblajoggers/KemblaJoggers/KemblaJoggers/Main.cs:12 
2018-05-02 11:18:05.951 KemblaJoggers[42008:2034646] critical: Stacktrace:

2018-05-02 11:18:05.951 KemblaJoggers[42008:2034646] critical: 
Native stacktrace:

2018-05-02 11:18:06.015 KemblaJoggers[42008:2034646] critical: 	0   KemblaJoggers                       0x000000010f62a764 mono_handle_native_crash + 244
2018-05-02 11:18:06.015 KemblaJoggers[42008:2034646] critical: 	1   libsystem_platform.dylib            0x00000001206daf5a _sigtramp + 26
2018-05-02 11:18:06.015 KemblaJoggers[42008:2034646] critical: 	2   ???                                 0x000000000000ffff 0x0 + 65535
2018-05-02 11:18:06.015 KemblaJoggers[42008:2034646] critical: 	3   libsystem_c.dylib                   0x0000000120310c97 abort + 127
2018-05-02 11:18:06.015 KemblaJoggers[42008:2034646] critical: 	4   KemblaJoggers                       0x000000010f7e68bf xamarin_unhandled_exception_handler + 47
2018-05-02 11:18:06.015 KemblaJoggers[42008:2034646] critical: 	5   KemblaJoggers                       0x000000010f691a14 mono_invoke_unhandled_exception_hook + 148
2018-05-02 11:18:06.016 KemblaJoggers[42008:2034646] critical: 	6   KemblaJoggers                       0x000000010f62a523 mono_handle_exception_internal + 5955
2018-05-02 11:18:06.016 KemblaJoggers[42008:2034646] critical: 	7   KemblaJoggers                       0x000000010f628dd9 mono_handle_exception + 25
2018-05-02 11:18:06.016 KemblaJoggers[42008:2034646] critical: 	8   KemblaJoggers                       0x000000010f5aba1f mono_amd64_throw_exception + 143
2018-05-02 11:18:06.016 KemblaJoggers[42008:2034646] critical: 	9   ???                                 0x000000013a783827 0x0 + 5275924519
2018-05-02 11:18:06.016 KemblaJoggers[42008:2034646] critical: 	10  KemblaJoggers                       0x000000010f31a250 _ZL30native_to_managed_trampoline_9P11objc_objectP13objc_selectorPP11_MonoMethodj + 336
2018-05-02 11:18:06.016 KemblaJoggers[42008:2034646] critical: 	11  KemblaJoggers                       0x000000010f31ad14 -[__MonoMac_NSAsyncActionDispatcher xamarinApplySelector] + 52
2018-05-02 11:18:06.016 KemblaJoggers[42008:2034646] critical: 	12  Foundation                          0x0000000113f70d5e __NSThreadPerformPerform + 330
2018-05-02 11:18:06.016 KemblaJoggers[42008:2034646] critical: 	13  CoreFoundation                      0x000000011e270bb1 __CFRUNLOOP_IS_CALLING_OUT_TO_A_SOURCE0_PERFORM_FUNCTION__ + 17
2018-05-02 11:18:06.016 KemblaJoggers[42008:2034646] critical: 	14  CoreFoundation                      0x000000011e2554af __CFRunLoopDoSources0 + 271
2018-05-02 11:18:06.016 KemblaJoggers[42008:2034646] critical: 	15  CoreFoundation                      0x000000011e254a6f __CFRunLoopRun + 1263
2018-05-02 11:18:06.016 KemblaJoggers[42008:2034646] critical: 	16  CoreFoundation                      0x000000011e25430b CFRunLoopRunSpecific + 635
2018-05-02 11:18:06.016 KemblaJoggers[42008:2034646] critical: 	17  GraphicsServices                    0x0000000121a0ca73 GSEventRunModal + 62
2018-05-02 11:18:06.017 KemblaJoggers[42008:2034646] critical: 	18  UIKit                               0x00000001108ef0b7 UIApplicationMain + 159
2018-05-02 11:18:06.017 KemblaJoggers[42008:2034646] critical: 	19  ???                                 0x000000013e0f5573 0x0 + 5336159603
2018-05-02 11:18:06.017 KemblaJoggers[42008:2034646] critical: 	20  ???                                 0x000000013e0f53d3 0x0 + 5336159187
2018-05-02 11:18:06.017 KemblaJoggers[42008:2034646] critical: 
=================================================================
Got a SIGABRT while executing native code. This usually indicates
a fatal error in the mono runtime or one of the native libraries 
used by your application.
=================================================================

